{
  "RSpec": {
    "coverage": {
      "/Users/indrajitnaiya/Desktop/test_1/rails-assigenment-ajackus-contact-us-form/spec/controllers/contacts_controller_spec.rb": {
        "lines": [
          1,
          null,
          0,
          null,
          null,
          0,
          null,
          null,
          null,
          null,
          null,
          null,
          0,
          0,
          0,
          0,
          null,
          null,
          null,
          0,
          0,
          0,
          0,
          null,
          null,
          null
        ]
      },
      "/Users/indrajitnaiya/Desktop/test_1/rails-assigenment-ajackus-contact-us-form/spec/rails_helper.rb": {
        "lines": [
          null,
          1,
          1,
          1,
          null,
          1,
          1,
          1,
          null,
          null,
          null,
          null,
          null,
          null,
          null,
          null,
          null,
          null,
          null,
          null,
          null,
          null,
          null,
          null,
          null,
          null,
          null,
          null,
          1,
          null,
          0,
          0,
          null,
          0,
          null,
          0,
          null,
          null,
          null,
          null,
          0,
          null,
          null,
          null,
          null,
          null,
          null,
          null,
          null,
          null,
          null,
          null,
          null,
          null,
          null,
          null,
          null,
          null,
          0,
          null,
          null,
          0,
          null,
          null,
          0,
          null
        ]
      },
      "/Users/indrajitnaiya/Desktop/test_1/rails-assigenment-ajackus-contact-us-form/config/environment.rb": {
        "lines": [
          null,
          1,
          null,
          null,
          1
        ]
      },
      "/Users/indrajitnaiya/Desktop/test_1/rails-assigenment-ajackus-contact-us-form/config/application.rb": {
        "lines": [
          1,
          null,
          1,
          null,
          null,
          null,
          1,
          null,
          1,
          1,
          null,
          1,
          null,
          null,
          null,
          null,
          null,
          null,
          null
        ]
      },
      "/Users/indrajitnaiya/Desktop/test_1/rails-assigenment-ajackus-contact-us-form/config/boot.rb": {
        "lines": [
          1,
          null,
          1,
          1
        ]
      },
      "/Users/indrajitnaiya/Desktop/test_1/rails-assigenment-ajackus-contact-us-form/config/spring.rb": {
        "lines": [
          1,
          null,
          null,
          null,
          null,
          null
        ]
      },
      "/Users/indrajitnaiya/Desktop/test_1/rails-assigenment-ajackus-contact-us-form/config/environments/test.rb": {
        "lines": [
          null,
          null,
          null,
          null,
          null,
          1,
          null,
          null,
          1,
          1,
          null,
          null,
          null,
          null,
          1,
          null,
          null,
          1,
          1,
          null,
          null,
          null,
          null,
          1,
          1,
          1,
          null,
          null,
          1,
          null,
          null,
          1,
          null,
          null,
          1,
          null,
          1,
          null,
          null,
          null,
          null,
          1,
          null,
          null,
          1,
          null,
          null,
          null,
          null
        ]
      },
      "/Users/indrajitnaiya/Desktop/test_1/rails-assigenment-ajackus-contact-us-form/config/initializers/application_controller_renderer.rb": {
        "lines": [
          null,
          null,
          null,
          null,
          null,
          null,
          null,
          null
        ]
      },
      "/Users/indrajitnaiya/Desktop/test_1/rails-assigenment-ajackus-contact-us-form/config/initializers/assets.rb": {
        "lines": [
          null,
          null,
          null,
          1,
          null,
          null,
          null,
          null,
          1,
          null,
          null,
          null,
          null,
          null
        ]
      },
      "/Users/indrajitnaiya/Desktop/test_1/rails-assigenment-ajackus-contact-us-form/config/initializers/backtrace_silencers.rb": {
        "lines": [
          null,
          null,
          null,
          null,
          null,
          null,
          null
        ]
      },
      "/Users/indrajitnaiya/Desktop/test_1/rails-assigenment-ajackus-contact-us-form/config/initializers/content_security_policy.rb": {
        "lines": [
          null,
          null,
          null,
          null,
          null,
          null,
          null,
          null,
          null,
          null,
          null,
          null,
          null,
          null,
          null,
          null,
          null,
          null,
          null,
          null,
          null,
          null,
          null,
          null,
          null,
          null,
          null,
          null,
          null,
          null
        ]
      },
      "/Users/indrajitnaiya/Desktop/test_1/rails-assigenment-ajackus-contact-us-form/config/initializers/cookies_serializer.rb": {
        "lines": [
          null,
          null,
          null,
          null,
          1
        ]
      },
      "/Users/indrajitnaiya/Desktop/test_1/rails-assigenment-ajackus-contact-us-form/config/initializers/filter_parameter_logging.rb": {
        "lines": [
          null,
          null,
          null,
          1
        ]
      },
      "/Users/indrajitnaiya/Desktop/test_1/rails-assigenment-ajackus-contact-us-form/config/initializers/inflections.rb": {
        "lines": [
          null,
          null,
          null,
          null,
          null,
          null,
          null,
          null,
          null,
          null,
          null,
          null,
          null,
          null,
          null,
          null
        ]
      },
      "/Users/indrajitnaiya/Desktop/test_1/rails-assigenment-ajackus-contact-us-form/config/initializers/mime_types.rb": {
        "lines": [
          null,
          null,
          null,
          null
        ]
      },
      "/Users/indrajitnaiya/Desktop/test_1/rails-assigenment-ajackus-contact-us-form/config/initializers/setup_mailer.rb": {
        "lines": [
          1,
          null,
          null,
          null,
          null,
          null,
          null,
          null,
          null,
          null
        ]
      },
      "/Users/indrajitnaiya/Desktop/test_1/rails-assigenment-ajackus-contact-us-form/config/initializers/wrap_parameters.rb": {
        "lines": [
          null,
          null,
          null,
          null,
          null,
          null,
          1,
          2,
          null,
          null,
          null,
          null,
          null,
          null
        ]
      },
      "/Users/indrajitnaiya/Desktop/test_1/rails-assigenment-ajackus-contact-us-form/spec/factories/contacts.rb": {
        "lines": [
          1,
          1,
          1,
          1,
          1,
          1,
          1,
          null,
          1,
          1,
          null,
          null,
          1,
          1,
          null,
          null,
          1,
          1,
          null,
          null,
          1,
          1,
          null,
          null,
          1,
          1,
          null,
          null,
          1,
          1,
          null,
          null,
          1,
          1,
          null,
          null,
          1,
          1,
          null,
          null,
          1,
          1,
          null,
          null,
          1,
          1,
          null,
          null,
          1,
          1,
          null,
          null,
          null
        ]
      },
      "/Users/indrajitnaiya/Desktop/test_1/rails-assigenment-ajackus-contact-us-form/config/routes.rb": {
        "lines": [
          1,
          null,
          null,
          1,
          1,
          1,
          null
        ]
      },
      "/Users/indrajitnaiya/Desktop/test_1/rails-assigenment-ajackus-contact-us-form/app/helpers/application_helper.rb": {
        "lines": [
          1,
          null
        ]
      },
      "/Users/indrajitnaiya/Desktop/test_1/rails-assigenment-ajackus-contact-us-form/spec/support/factory_bot.rb": {
        "lines": [
          1,
          1,
          null
        ]
      },
      "/Users/indrajitnaiya/Desktop/test_1/rails-assigenment-ajackus-contact-us-form/spec/mailers/notification_mailer_spec.rb": {
        "lines": [
          1,
          null,
          0,
          null,
          null
        ]
      },
      "/Users/indrajitnaiya/Desktop/test_1/rails-assigenment-ajackus-contact-us-form/spec/models/contact_spec.rb": {
        "lines": [
          1,
          null,
          0,
          0,
          0,
          null,
          null,
          0,
          0,
          0,
          0,
          null,
          null,
          null,
          0,
          0,
          0,
          0,
          null,
          null,
          null,
          0,
          0,
          0,
          0,
          0,
          null,
          0,
          null,
          null,
          0,
          0,
          0,
          null,
          0,
          null,
          0,
          0,
          0,
          null,
          0,
          null,
          null,
          0,
          0,
          0,
          0,
          null,
          0,
          null,
          null,
          0,
          0,
          0,
          null,
          0,
          null,
          0,
          0,
          0,
          null,
          0,
          null,
          null,
          0,
          0,
          0,
          0,
          null,
          0,
          null,
          null,
          0,
          0,
          0,
          0,
          null,
          0,
          null,
          0,
          0,
          0,
          null,
          0,
          null,
          null,
          0,
          0,
          0,
          0,
          null,
          0,
          null,
          0,
          0,
          0,
          null,
          0,
          null,
          null,
          null,
          null
        ]
      }
    },
    "timestamp": 1594374328
  }
}
